Fri Apr 22 15:08:31 NZST 2016 : Apache Derby Network Server - 10.10.1.3 - (1557168) started and ready to accept connections on port 1527
----------------------------------------------------------------
Fri Apr 22 15:08:31 NZST 2016:
Booting Derby version The Apache Software Foundation - Apache Derby - 10.10.1.3 - (1557168): instance a816c00e-0154-3bf0-b46c-000041d4c9b4 
on database directory C:\Users\Shiny\Desktop\GitHub Repositories\DMS_Assignment2\database\motelDatabase with class loader sun.misc.Launcher$AppClassLoader@1d44bcfa 
Loaded from file:/C:/Program%20Files/Java/jdk1.8.0_11/db/lib/derby.jar
java.vendor=Oracle Corporation
java.runtime.version=1.8.0_11-b12
user.dir=C:\Program Files\Java\jdk1.8.0_11\db
os.name=Windows 8.1
os.arch=amd64
os.version=6.3
derby.system.home=C:\Users\Shiny\Desktop\GitHub Repositories\DMS_Assignment2\database
Database Class Loader started - derby.database.classpath=''
----------------------------------------------------------------
Fri Apr 22 15:10:53 NZST 2016: Shutting down Derby engine
----------------------------------------------------------------
Fri Apr 22 15:10:53 NZST 2016:
Shutting down instance a816c00e-0154-3bf0-b46c-000041d4c9b4 on database directory C:\Users\Shiny\Desktop\GitHub Repositories\DMS_Assignment2\database\motelDatabase with class loader sun.misc.Launcher$AppClassLoader@1d44bcfa 
----------------------------------------------------------------
